<?xml version="1.0" encoding="UTF-8"?>
<testsuite name="TestRunner" tests="1" skipped="0" failures="0" errors="0" timestamp="2017-12-02T11:51:52" hostname="KaENTUMASTL1C" time="54.326">
  <properties/>
  <testcase name="checkPayseraAmount" classname="TestRunner" time="54.326"/>
  <system-out><![CDATA[]]></system-out>
  <system-err><![CDATA[Starting ChromeDriver 2.33.506120 (e3e53437346286c0bc2d2dc9aa4915ba81d9023f) on port 3302
Only local connections are allowed.
Dec 02, 2017 1:51:56 PM org.openqa.selenium.remote.ProtocolHandshake createSession
INFO: Detected dialect: OSS
]]></system-err>
</testsuite>
